2021-01-21 17:40:49.885 | INFO     | page.base_page:input_text:182 - 向元素 用户名 中输入 mzhang: [ 使用 xpath=//input[@id="loginForm:userCode"] 查找 ]
2021-01-21 17:40:51.526 | INFO     | page.base_page:input_text:182 - 向元素 密码 中输入 Hello333: [ 使用 xpath=//input[@id="loginForm:userPassword"] 查找 ]
2021-01-21 17:40:53.043 | INFO     | page.base_page:click_element:123 - 点击元素 登陆 : [ 使用 xpath=//input[@id="loginForm:loginBtn"] 查找 ]
2021-01-21 17:40:55.221 | INFO     | page.base_page:select_frame:606 - 进入框架frame_content
2021-01-21 17:40:55.237 | INFO     | page.base_page:select_frame:606 - 进入框架0
2021-01-21 17:40:55.331 | INFO     | page.base_page:select_frame:606 - 进入框架MainInfoFrame
2021-01-21 17:41:00.015 | INFO     | page.base_page:input_text:182 - 向元素 投保书号 中输入 202101211740: [ 使用 xpath=//input[@id="formInsu:proposalContNo"] 查找 ]
2021-01-21 17:41:01.422 | INFO     | testcase.mdes_base_case:select_option_native:132 - 使用xpath=//select[@id="formInsu:insuSignCityFirst"]方式查找下拉框签署地/出单地,并根据文本值NJ-南京来选择
2021-01-21 17:41:02.991 | INFO     | page.base_page:click_element:123 - 点击元素 投保书保存 : [ 使用 xpath=//input[@id="formInsu:button1"] 查找 ]
2021-01-21 17:41:08.046 | INFO     | page.base_page:select_frame:606 - 进入框架frame_content
2021-01-21 17:41:08.077 | INFO     | page.base_page:select_frame:606 - 进入框架0
2021-01-21 17:41:08.155 | INFO     | page.base_page:select_frame:606 - 进入框架WorkFrame
2021-01-21 17:41:09.901 | INFO     | page.base_page:click_element:123 - 点击元素 险种的,增加按钮的定位元素1 : [ 使用 xpath=//input[@id="formInsu:searchButton1"] 查找 ]
2021-01-21 17:41:11.479 | INFO     | page.base_page:input_text:182 - 向元素 险种代码和附加险代码 中输入 WL06BS: [ 使用 xpath=//input[@id="formInsu:riskcode0"] 查找 ]
2021-01-21 17:41:13.107 | INFO     | page.base_page:input_text:182 - 向元素 保障期 中输入 终身: [ 使用 xpath=//input[@id="formInsu:years0"] 查找 ]
2021-01-21 17:41:14.595 | INFO     | page.base_page:input_text:182 - 向元素 缴费期 中输入 5: [ 使用 xpath=//input[@id="formInsu:Payyears0"] 查找 ]
2021-01-21 17:41:16.357 | INFO     | page.base_page:click_element:123 - 点击元素 保额（单选） : [ 使用 xpath=//input[@id="formInsu:type0:0"] 查找 ]
2021-01-21 17:41:17.888 | INFO     | page.base_page:input_text:182 - 向元素 保额/保费（输入） 中输入 500000: [ 使用 xpath=//input[@id="formInsu:money0"] 查找 ]
2021-01-21 17:41:19.296 | INFO     | testcase.mdes_base_case:select_option_native:132 - 使用xpath=//select[@id="formInsu:payintv"]方式查找下拉框保费交付频率,并根据文本值年交来选择
2021-01-21 17:41:20.651 | INFO     | testcase.mdes_base_case:select_option_native:132 - 使用xpath=//select[@id="formInsu:agentgetflag"]方式查找下拉框溢交保险费转下期选择,并根据文本值不同意来选择
2021-01-21 17:41:21.951 | INFO     | testcase.mdes_base_case:select_option_native:132 - 使用xpath=//select[@id="formInsu:livegetmode"]方式查找下拉框保险费逾期未付的选择,并根据文本值中止来选择
2021-01-21 17:41:23.170 | INFO     | page.base_page:select_frame:606 - 进入框架frame_content
2021-01-21 17:41:23.186 | INFO     | page.base_page:select_frame:606 - 进入框架0
2021-01-21 17:41:23.248 | INFO     | page.base_page:select_frame:606 - 进入框架NavigationFrame
2021-01-21 17:41:25.514 | INFO     | page.base_page:click_element:123 - 点击元素 客户信息 : [ 使用 xpath=//div[@id="tabs1"]/ul/li[@name="2"] 查找 ]
2021-01-21 17:41:26.710 | INFO     | page.base_page:select_frame:606 - 进入框架frame_content
2021-01-21 17:41:26.742 | INFO     | page.base_page:select_frame:606 - 进入框架0
2021-01-21 17:41:26.804 | INFO     | page.base_page:select_frame:606 - 进入框架WorkFrame
2021-01-21 17:41:31.287 | INFO     | testcase.mdes_base_case:select_option_native:132 - 使用xpath=//select[@id="formOper:appntRealation"]方式查找下拉框投被保人关系,并根据文本值父子来选择
2021-01-21 17:41:32.569 | INFO     | testcase.mdes_base_case:select_option_native:132 - 使用xpath=//select[@id="formOper:appntVIP"]方式查找下拉框大客户,并根据文本值否来选择
2021-01-21 17:41:32.725 | INFO     | page.base_page:select_frame:606 - 进入框架frame_content
2021-01-21 17:41:32.740 | INFO     | page.base_page:select_frame:606 - 进入框架0
2021-01-21 17:41:32.803 | INFO     | page.base_page:select_frame:606 - 进入框架WorkFrame
2021-01-21 17:41:34.396 | INFO     | page.base_page:input_text:182 - 向元素 投保人姓名 中输入 孩子六: [ 使用 xpath=//input[@id="formOper:AppntName"] 查找 ]
2021-01-21 17:41:37.024 | INFO     | testcase.mdes_base_case:select_option_native:132 - 使用xpath=//select[@id="formOper:appntNative"]方式查找下拉框国籍,并根据文本值中国来选择
2021-01-21 17:41:39.742 | INFO     | testcase.mdes_base_case:select_option_native:132 - 使用xpath=//select[@id="formOper:appntSex"]方式查找下拉框投保人性别,并根据文本值男来选择
2021-01-21 17:41:42.493 | INFO     | page.base_page:input_text:182 - 向元素 出生日期 中输入 19970109: [ 使用 xpath=//input[@id="formOper:appntBirthDay"] 查找 ]
2021-01-21 17:42:10.306 | INFO     | page.base_page:click_element:123 - 点击元素 投保人年龄 : [ 使用 xpath=//input[@id="formOper:appntAge"] 查找 ]
